<?xml version="1.0" encoding="UTF-8"?>
<testsuite xmlns:xsi="http://www.w3.org/2001/XMLSchema-instance" xsi:noNamespaceSchemaLocation="https://maven.apache.org/surefire/maven-surefire-plugin/xsd/surefire-test-report.xsd" name="miPrincipal.AppTest" time="0.048" tests="5" errors="0" skipped="0" failures="0">
  <properties>
[...]
</properties>
  <testcase name="testSumar" classname="miPrincipal.AppTest" time="0.02"/>
  <testcase name="testMultiplicar" classname="miPrincipal.AppTest" time="0.002"/>
  <testcase name="testDividirPorCero" classname="miPrincipal.AppTest" time="0.002"/>
  <testcase name="testDividir" classname="miPrincipal.AppTest" time="0.001"/>
  <testcase name="testRestar" classname="miPrincipal.AppTest" time="0.002"/>
</testsuite>